<?xml version="1.0" encoding="UTF-8"?>
<testng-results skipped="0" failed="0" ignored="0" total="1" passed="1">
  <reporter-output>
  </reporter-output>
  <suite name="Default suite" duration-ms="10429" started-at="2021-06-16T18:57:55 CDT" finished-at="2021-06-16T18:58:06 CDT">
    <groups>
    </groups>
    <test name="Default test" duration-ms="10429" started-at="2021-06-16T18:57:55 CDT" finished-at="2021-06-16T18:58:06 CDT">
      <class name="testCases.LoginPageTest">
        <test-method status="PASS" signature="setUp()[pri:0, instance:testCases.LoginPageTest@76f2b07d]" name="setUp" is-config="true" duration-ms="6915" started-at="2021-06-16T18:57:56 CDT" finished-at="2021-06-16T18:58:02 CDT">
          <reporter-output>
          </reporter-output>
        </test-method> <!-- setUp -->
        <test-method status="PASS" signature="loginTest()[pri:0, instance:testCases.LoginPageTest@76f2b07d]" name="loginTest" duration-ms="3365" started-at="2021-06-16T18:58:02 CDT" finished-at="2021-06-16T18:58:06 CDT">
          <reporter-output>
          </reporter-output>
        </test-method> <!-- loginTest -->
      </class> <!-- testCases.LoginPageTest -->
    </test> <!-- Default test -->
  </suite> <!-- Default suite -->
</testng-results>
